mode: set
github.com/Bialek328/go-casino-247/pkg/blackjack/deck.go:32.26,35.33 3 1
github.com/Bialek328/go-casino-247/pkg/blackjack/deck.go:35.33,38.3 2 1
github.com/Bialek328/go-casino-247/pkg/blackjack/deck.go:41.32,46.2 4 1
github.com/Bialek328/go-casino-247/pkg/blackjack/deck.go:48.39,52.40 2 1
github.com/Bialek328/go-casino-247/pkg/blackjack/deck.go:52.40,55.6 2 1
github.com/Bialek328/go-casino-247/pkg/blackjack/deck.go:56.5,58.16 3 1
github.com/Bialek328/go-casino-247/pkg/blackjack/deck.go:61.37,63.35 2 1
github.com/Bialek328/go-casino-247/pkg/blackjack/deck.go:63.35,64.41 1 1
github.com/Bialek328/go-casino-247/pkg/blackjack/deck.go:64.41,66.27 2 1
github.com/Bialek328/go-casino-247/pkg/blackjack/deck.go:67.36,68.36 1 1
github.com/Bialek328/go-casino-247/pkg/blackjack/deck.go:69.22,70.33 1 1
github.com/Bialek328/go-casino-247/pkg/blackjack/deck.go:71.21,72.48 1 1
github.com/Bialek328/go-casino-247/pkg/blackjack/deck.go:74.13,74.84 1 1
github.com/Bialek328/go-casino-247/pkg/blackjack/deck.go:77.5,77.17 1 1
github.com/Bialek328/go-casino-247/pkg/blackjack/player.go:26.37,32.2 2 1
github.com/Bialek328/go-casino-247/pkg/blackjack/player.go:34.26,38.2 3 1
github.com/Bialek328/go-casino-247/pkg/blackjack/player.go:40.42,44.27 3 1
github.com/Bialek328/go-casino-247/pkg/blackjack/player.go:44.27,46.25 2 1
github.com/Bialek328/go-casino-247/pkg/blackjack/player.go:46.25,48.4 1 1
github.com/Bialek328/go-casino-247/pkg/blackjack/player.go:50.2,50.33 1 1
github.com/Bialek328/go-casino-247/pkg/blackjack/player.go:50.33,53.3 2 1
github.com/Bialek328/go-casino-247/pkg/blackjack/player.go:54.5,54.17 1 1
github.com/Bialek328/go-casino-247/pkg/blackjack/player.go:57.37,61.2 3 1
github.com/Bialek328/go-casino-247/pkg/blackjack/player.go:63.37,65.2 1 1
github.com/Bialek328/go-casino-247/pkg/blackjack/player.go:67.30,69.2 1 1
github.com/Bialek328/go-casino-247/pkg/blackjack/player.go:71.37,75.2 3 1
github.com/Bialek328/go-casino-247/pkg/blackjack/player.go:77.37,79.2 1 1
github.com/Bialek328/go-casino-247/pkg/blackjack/player.go:81.30,83.2 1 0
github.com/Bialek328/go-casino-247/pkg/blackjack/player.go:85.28,87.2 1 0
github.com/Bialek328/go-casino-247/pkg/blackjack/table.go:16.24,24.2 2 0
github.com/Bialek328/go-casino-247/pkg/blackjack/table.go:26.44,27.41 1 0
github.com/Bialek328/go-casino-247/pkg/blackjack/table.go:27.41,30.6 2 0
github.com/Bialek328/go-casino-247/pkg/blackjack/table.go:30.11,32.6 1 0
github.com/Bialek328/go-casino-247/pkg/blackjack/table.go:33.5,33.15 1 0
github.com/Bialek328/go-casino-247/pkg/blackjack/table.go:36.47,37.36 1 0
github.com/Bialek328/go-casino-247/pkg/blackjack/table.go:37.36,38.25 1 0
github.com/Bialek328/go-casino-247/pkg/blackjack/table.go:38.25,41.10 2 0
github.com/Bialek328/go-casino-247/pkg/blackjack/table.go:43.5,44.15 2 0
github.com/Bialek328/go-casino-247/pkg/blackjack/table.go:47.31,49.2 0 0
